  Source.cpp
Source.cpp(286): warning C4244: 'initializing': conversion from 'double' to 'int', possible loss of data
Source.cpp(287): warning C4244: 'initializing': conversion from 'double' to 'int', possible loss of data
Source.cpp(324): warning C4267: 'argument': conversion from 'size_t' to 'int', possible loss of data
Source.cpp(328): warning C4244: 'initializing': conversion from 'double' to 'int', possible loss of data
Source.cpp(337): warning C4267: 'initializing': conversion from 'size_t' to 'int', possible loss of data
Source.cpp(341): warning C4267: 'argument': conversion from 'size_t' to 'int', possible loss of data
Source.cpp(374): warning C4244: 'argument': conversion from 'double' to 'int', possible loss of data
Source.cpp(379): warning C4244: 'argument': conversion from 'double' to 'int', possible loss of data
Source.cpp(406): warning C4244: '=': conversion from 'double' to 'int', possible loss of data
Source.cpp(410): warning C4244: '=': conversion from 'double' to 'int', possible loss of data
Source.cpp(421): warning C4244: 'initializing': conversion from 'const int' to 'float', possible loss of data
Source.cpp(422): warning C4244: 'initializing': conversion from 'double' to 'float', possible loss of data
Source.cpp(437): warning C4244: 'initializing': conversion from 'double' to 'int', possible loss of data
Source.cpp(438): warning C4244: 'initializing': conversion from 'double' to 'int', possible loss of data
Source.cpp(501): warning C4267: 'argument': conversion from 'size_t' to 'int', possible loss of data
Source.cpp(505): warning C4244: 'initializing': conversion from 'double' to 'int', possible loss of data
Source.cpp(514): warning C4267: 'initializing': conversion from 'size_t' to 'int', possible loss of data
Source.cpp(518): warning C4267: 'argument': conversion from 'size_t' to 'int', possible loss of data
Source.cpp(439): warning C4101: 'similarityMeasure': unreferenced local variable
  Generating code
  All 846 functions were compiled because no usable IPDB/IOBJ from previous compilation was found.
  Finished generating code
  Eulerian_ST.vcxproj -> C:\Users\Ben\Documents\GitHub\Real-Time_STE\Eulerian_ST\x64\Release\Eulerian_ST.exe
